[2019-05-11 10:15:33] Текст ошибки: Undefined offset: 0 | Файл: C:\xampp\htdocs\fw\app\controllers\MessagesController.php, | Строка: 55
==========================
[2019-05-11 10:15:55] Текст ошибки: Undefined offset: 0 | Файл: C:\xampp\htdocs\fw\app\controllers\MessagesController.php, | Строка: 55
==========================
[2019-05-11 10:19:02] Текст ошибки: Undefined offset: 0 | Файл: C:\xampp\htdocs\fw\app\controllers\MessagesController.php, | Строка: 55
==========================
[2019-05-11 10:19:11] Текст ошибки: Undefined offset: 0 | Файл: C:\xampp\htdocs\fw\app\controllers\MessagesController.php, | Строка: 55
==========================
[2019-05-11 10:20:15] Текст ошибки: Undefined offset: 0 | Файл: C:\xampp\htdocs\fw\app\controllers\MessagesController.php, | Строка: 55
==========================
[2019-05-11 10:20:22] Текст ошибки: Undefined offset: 0 | Файл: C:\xampp\htdocs\fw\app\controllers\MessagesController.php, | Строка: 55
==========================
[2019-05-15 10:35:12] Текст ошибки: Undefined variable: test | Файл: C:\xampp\htdocs\fw\app\views\Userpage\Index.php, | Строка: 72
==========================
[2019-05-20 06:59:10] Текст ошибки: syntax error, unexpected end of file, expecting elseif (T_ELSEIF) or else (T_ELSE) or endif (T_ENDIF) | Файл: C:\xampp\htdocs\fw\app\views\layouts\default.php, | Строка: 253
==========================
[2019-05-20 18:23:41] Текст ошибки: Access to undeclared static property: Stremer::$status | Файл: C:\xampp\htdocs\fw\app\views\layouts\default.php, | Строка: 197
==========================
[2019-05-20 18:24:30] Текст ошибки: syntax error, unexpected '=' | Файл: C:\xampp\htdocs\fw\app\views\layouts\default.php, | Строка: 125
==========================
[2019-05-20 18:26:08] Текст ошибки: Undefined variable: status | Файл: C:\xampp\htdocs\fw\app\views\layouts\default.php, | Строка: 197
==========================
[2019-05-20 18:26:41] Текст ошибки: Class 'stremer' not found | Файл: C:\xampp\htdocs\fw\app\views\Userpage\Index.php, | Строка: 80
==========================
[2019-05-20 18:27:41] Текст ошибки: Class 'stremer' not found | Файл: C:\xampp\htdocs\fw\app\views\Userpage\Index.php, | Строка: 81
==========================
[2019-05-20 18:30:19] Текст ошибки: Class 'stremer' not found | Файл: C:\xampp\htdocs\fw\app\views\Userpage\Index.php, | Строка: 81
==========================
[2019-05-20 18:30:49] Текст ошибки: Class 'Stremer' not found | Файл: C:\xampp\htdocs\fw\app\views\Userpage\Index.php, | Строка: 81
==========================
[2019-05-20 18:32:15] Текст ошибки: Class 'Stremer' not found | Файл: C:\xampp\htdocs\fw\app\views\Userpage\Index.php, | Строка: 81
==========================
[2019-05-20 18:33:28] Текст ошибки: Class 'Stremer' not found | Файл: C:\xampp\htdocs\fw\app\views\Userpage\Index.php, | Строка: 81
==========================
[2019-05-20 18:42:10] Текст ошибки: Call to undefined function test() | Файл: C:\xampp\htdocs\fw\app\views\Userpage\Index.php, | Строка: 81
==========================
[2019-05-20 18:43:09] Текст ошибки: Call to undefined function test() | Файл: C:\xampp\htdocs\fw\app\controllers\UserpageController.php, | Строка: 73
==========================
[2019-05-20 18:52:12] Текст ошибки: Call to undefined function status() | Файл: C:\xampp\htdocs\fw\app\views\Userpage\Index.php, | Строка: 81
==========================
[2019-05-21 06:41:34] Текст ошибки: Undefined index: user | Файл: C:\xampp\htdocs\fw\app\views\layouts\default.php, | Строка: 45
==========================
[2019-05-21 06:41:39] Текст ошибки: Undefined index: user | Файл: C:\xampp\htdocs\fw\app\views\layouts\default.php, | Строка: 45
==========================
[2019-05-21 06:41:44] Текст ошибки: Undefined index: user | Файл: C:\xampp\htdocs\fw\app\views\layouts\default.php, | Строка: 45
==========================
[2019-05-21 06:42:36] Текст ошибки: Undefined index: user | Файл: C:\xampp\htdocs\fw\app\views\layouts\default.php, | Строка: 45
==========================
[2019-05-21 06:42:39] Текст ошибки: Undefined index: user | Файл: C:\xampp\htdocs\fw\app\views\layouts\default.php, | Строка: 45
==========================
[2019-05-21 06:42:40] Текст ошибки: Undefined index: user | Файл: C:\xampp\htdocs\fw\app\views\layouts\default.php, | Строка: 45
==========================
[2019-05-21 06:42:53] Текст ошибки: Undefined index: user | Файл: C:\xampp\htdocs\fw\app\views\layouts\default.php, | Строка: 45
==========================
[2019-05-21 06:42:59] Текст ошибки: Undefined index: user | Файл: C:\xampp\htdocs\fw\app\views\layouts\default.php, | Строка: 45
==========================
[2019-05-21 13:33:49] Текст ошибки: session_start(): A session had already been started - ignoring | Файл: C:\xampp\htdocs\fw\app\views\layouts\default.php, | Строка: 1
==========================
[2019-05-21 15:04:45] Текст ошибки: Undefined index: user | Файл: C:\xampp\htdocs\fw\app\controllers\UserpageController.php, | Строка: 46
==========================
